WARNING: GATK v4.2.6.1 support for Java 11 is in beta state. Use at your own risk.

The following have been reloaded with a version change:
  1) Java/17.0.6 => Java/11.0.18


The following have been reloaded with a version change:
  1) Java/11.0.18 => Java/17.0.6

Using GATK jar /mnt/ss/sib/ibu/rocky8/2023072800/software/GATK/4.2.6.1-GCCcore-10.3.0-Java-11/gatk-package-4.2.6.1-local.jar
Running:
    java -Dsamjdk.use_async_io_read_samtools=false -Dsamjdk.use_async_io_write_samtools=true -Dsamjdk.use_async_io_write_tribble=false -Dsamjdk.compression_level=2 -jar /mnt/ss/sib/ibu/rocky8/2023072800/software/GATK/4.2.6.1-GCCcore-10.3.0-Java-11/gatk-package-4.2.6.1-local.jar VariantFiltration -V BT_HPC.snps.vcf -O BT_HPC.flt.snps.vcf -filter QD < 2.0 --filter-name QD2 -filter QUAL < 30.0 --filter-name QUAL30 -filter SOR > 3.0 --filter-name SOR3 -filter FS > 60.0 --filter-name FS60 -filter MQ < 40.0 --filter-name MQ40 -filter MQRankSum < -12.5 --filter-name MQRankSum-12.5 -filter ReadPosRankSum < -8.0 --filter-name ReadPosRankSum-8
11:46:31.078 INFO  NativeLibraryLoader - Loading libgkl_compression.so from jar:file:/mnt/ss/sib/ibu/rocky8/2023072800/software/GATK/4.2.6.1-GCCcore-10.3.0-Java-11/gatk-package-4.2.6.1-local.jar!/com/intel/gkl/native/libgkl_compression.so
11:46:31.284 INFO  VariantFiltration - ------------------------------------------------------------
11:46:31.284 INFO  VariantFiltration - The Genome Analysis Toolkit (GATK) v4.2.6.1
11:46:31.284 INFO  VariantFiltration - For support and documentation go to https://software.broadinstitute.org/gatk/
11:46:31.284 INFO  VariantFiltration - Executing as student38@binfservas45 on Linux v4.18.0-553.33.1.el8_10.x86_64 amd64
11:46:31.284 INFO  VariantFiltration - Java runtime: OpenJDK 64-Bit Server VM v17.0.6+10
11:46:31.284 INFO  VariantFiltration - Start Date/Time: November 13, 2025 at 11:46:31 AM CET
11:46:31.284 INFO  VariantFiltration - ------------------------------------------------------------
11:46:31.285 INFO  VariantFiltration - ------------------------------------------------------------
11:46:31.285 INFO  VariantFiltration - HTSJDK Version: 2.24.1
11:46:31.285 INFO  VariantFiltration - Picard Version: 2.27.1
11:46:31.285 INFO  VariantFiltration - Built for Spark Version: 2.4.5
11:46:31.285 INFO  VariantFiltration - HTSJDK Defaults.COMPRESSION_LEVEL : 2
11:46:31.285 INFO  VariantFiltration - HTSJDK Defaults.USE_ASYNC_IO_READ_FOR_SAMTOOLS : false
11:46:31.285 INFO  VariantFiltration - HTSJDK Defaults.USE_ASYNC_IO_WRITE_FOR_SAMTOOLS : true
11:46:31.285 INFO  VariantFiltration - HTSJDK Defaults.USE_ASYNC_IO_WRITE_FOR_TRIBBLE : false
11:46:31.285 INFO  VariantFiltration - Deflater: IntelDeflater
11:46:31.286 INFO  VariantFiltration - Inflater: IntelInflater
11:46:31.286 INFO  VariantFiltration - GCS max retries/reopens: 20
11:46:31.286 INFO  VariantFiltration - Requester pays: disabled
11:46:31.286 INFO  VariantFiltration - Initializing engine
11:46:31.458 INFO  FeatureManager - Using codec VCFCodec to read file file:///home/student38/course/variantCalling/variants/BT_HPC.snps.vcf
11:46:31.502 INFO  VariantFiltration - Done initializing engine
11:46:31.610 INFO  ProgressMeter - Starting traversal
11:46:31.610 INFO  ProgressMeter -        Current Locus  Elapsed Minutes    Variants Processed  Variants/Minute
11:46:31.795 WARN  JexlEngine - ![0,9]: 'MQRankSum < -12.5;' undefined variable MQRankSum
11:46:31.795 WARN  JexlEngine - ![0,14]: 'ReadPosRankSum < -8.0;' undefined variable ReadPosRankSum
11:46:31.798 WARN  JexlEngine - ![0,9]: 'MQRankSum < -12.5;' undefined variable MQRankSum
11:46:31.798 WARN  JexlEngine - ![0,14]: 'ReadPosRankSum < -8.0;' undefined variable ReadPosRankSum
11:46:31.800 WARN  JexlEngine - ![0,9]: 'MQRankSum < -12.5;' undefined variable MQRankSum
11:46:31.800 WARN  JexlEngine - ![0,14]: 'ReadPosRankSum < -8.0;' undefined variable ReadPosRankSum
11:46:31.800 WARN  JexlEngine - ![0,9]: 'MQRankSum < -12.5;' undefined variable MQRankSum
11:46:31.800 WARN  JexlEngine - ![0,14]: 'ReadPosRankSum < -8.0;' undefined variable ReadPosRankSum
11:46:31.802 WARN  JexlEngine - ![0,9]: 'MQRankSum < -12.5;' undefined variable MQRankSum
11:46:31.802 WARN  JexlEngine - ![0,14]: 'ReadPosRankSum < -8.0;' undefined variable ReadPosRankSum
11:46:31.805 WARN  JexlEngine - ![0,9]: 'MQRankSum < -12.5;' undefined variable MQRankSum
11:46:31.806 WARN  JexlEngine - ![0,14]: 'ReadPosRankSum < -8.0;' undefined variable ReadPosRankSum
11:46:31.820 WARN  JexlEngine - ![0,9]: 'MQRankSum < -12.5;' undefined variable MQRankSum
11:46:31.820 WARN  JexlEngine - ![0,14]: 'ReadPosRankSum < -8.0;' undefined variable ReadPosRankSum
11:46:31.821 WARN  JexlEngine - ![0,9]: 'MQRankSum < -12.5;' undefined variable MQRankSum
11:46:31.821 WARN  JexlEngine - ![0,14]: 'ReadPosRankSum < -8.0;' undefined variable ReadPosRankSum
11:46:31.822 WARN  JexlEngine - ![0,14]: 'ReadPosRankSum < -8.0;' undefined variable ReadPosRankSum
11:46:31.823 WARN  JexlEngine - ![0,9]: 'MQRankSum < -12.5;' undefined variable MQRankSum
11:46:31.823 WARN  JexlEngine - ![0,14]: 'ReadPosRankSum < -8.0;' undefined variable ReadPosRankSum
11:46:31.825 WARN  JexlEngine - ![0,9]: 'MQRankSum < -12.5;' undefined variable MQRankSum
11:46:31.825 WARN  JexlEngine - ![0,14]: 'ReadPosRankSum < -8.0;' undefined variable ReadPosRankSum
11:46:31.827 WARN  JexlEngine - ![0,9]: 'MQRankSum < -12.5;' undefined variable MQRankSum
11:46:31.827 WARN  JexlEngine - ![0,14]: 'ReadPosRankSum < -8.0;' undefined variable ReadPosRankSum
11:46:31.831 WARN  JexlEngine - ![0,9]: 'MQRankSum < -12.5;' undefined variable MQRankSum
11:46:31.831 WARN  JexlEngine - ![0,14]: 'ReadPosRankSum < -8.0;' undefined variable ReadPosRankSum
11:46:31.833 WARN  JexlEngine - ![0,9]: 'MQRankSum < -12.5;' undefined variable MQRankSum
11:46:31.833 WARN  JexlEngine - ![0,14]: 'ReadPosRankSum < -8.0;' undefined variable ReadPosRankSum
11:46:31.835 WARN  JexlEngine - ![0,9]: 'MQRankSum < -12.5;' undefined variable MQRankSum
11:46:31.835 WARN  JexlEngine - ![0,14]: 'ReadPosRankSum < -8.0;' undefined variable ReadPosRankSum
11:46:31.847 WARN  JexlEngine - ![0,9]: 'MQRankSum < -12.5;' undefined variable MQRankSum
11:46:31.847 WARN  JexlEngine - ![0,14]: 'ReadPosRankSum < -8.0;' undefined variable ReadPosRankSum
11:46:31.847 WARN  JexlEngine - ![0,9]: 'MQRankSum < -12.5;' undefined variable MQRankSum
11:46:31.847 WARN  JexlEngine - ![0,14]: 'ReadPosRankSum < -8.0;' undefined variable ReadPosRankSum
11:46:31.851 WARN  JexlEngine - ![0,9]: 'MQRankSum < -12.5;' undefined variable MQRankSum
11:46:31.851 WARN  JexlEngine - ![0,14]: 'ReadPosRankSum < -8.0;' undefined variable ReadPosRankSum
11:46:31.852 WARN  JexlEngine - ![0,9]: 'MQRankSum < -12.5;' undefined variable MQRankSum
11:46:31.852 WARN  JexlEngine - ![0,14]: 'ReadPosRankSum < -8.0;' undefined variable ReadPosRankSum
11:46:31.867 WARN  JexlEngine - ![0,9]: 'MQRankSum < -12.5;' undefined variable MQRankSum
11:46:31.867 WARN  JexlEngine - ![0,14]: 'ReadPosRankSum < -8.0;' undefined variable ReadPosRankSum
11:46:31.869 WARN  JexlEngine - ![0,9]: 'MQRankSum < -12.5;' undefined variable MQRankSum
11:46:31.870 WARN  JexlEngine - ![0,14]: 'ReadPosRankSum < -8.0;' undefined variable ReadPosRankSum
11:46:31.881 WARN  JexlEngine - ![0,9]: 'MQRankSum < -12.5;' undefined variable MQRankSum
11:46:31.881 WARN  JexlEngine - ![0,14]: 'ReadPosRankSum < -8.0;' undefined variable ReadPosRankSum
11:46:31.883 WARN  JexlEngine - ![0,9]: 'MQRankSum < -12.5;' undefined variable MQRankSum
11:46:31.883 WARN  JexlEngine - ![0,14]: 'ReadPosRankSum < -8.0;' undefined variable ReadPosRankSum
11:46:31.885 WARN  JexlEngine - ![0,9]: 'MQRankSum < -12.5;' undefined variable MQRankSum
11:46:31.885 WARN  JexlEngine - ![0,14]: 'ReadPosRankSum < -8.0;' undefined variable ReadPosRankSum
11:46:31.898 WARN  JexlEngine - ![0,9]: 'MQRankSum < -12.5;' undefined variable MQRankSum
11:46:31.898 WARN  JexlEngine - ![0,14]: 'ReadPosRankSum < -8.0;' undefined variable ReadPosRankSum
11:46:31.899 WARN  JexlEngine - ![0,9]: 'MQRankSum < -12.5;' undefined variable MQRankSum
11:46:31.899 WARN  JexlEngine - ![0,14]: 'ReadPosRankSum < -8.0;' undefined variable ReadPosRankSum
11:46:31.900 WARN  JexlEngine - ![0,9]: 'MQRankSum < -12.5;' undefined variable MQRankSum
11:46:31.900 WARN  JexlEngine - ![0,14]: 'ReadPosRankSum < -8.0;' undefined variable ReadPosRankSum
11:46:31.901 WARN  JexlEngine - ![0,9]: 'MQRankSum < -12.5;' undefined variable MQRankSum
11:46:31.901 WARN  JexlEngine - ![0,14]: 'ReadPosRankSum < -8.0;' undefined variable ReadPosRankSum
11:46:31.903 WARN  JexlEngine - ![0,9]: 'MQRankSum < -12.5;' undefined variable MQRankSum
11:46:31.903 WARN  JexlEngine - ![0,14]: 'ReadPosRankSum < -8.0;' undefined variable ReadPosRankSum
11:46:31.903 WARN  JexlEngine - ![0,9]: 'MQRankSum < -12.5;' undefined variable MQRankSum
11:46:31.903 WARN  JexlEngine - ![0,14]: 'ReadPosRankSum < -8.0;' undefined variable ReadPosRankSum
11:46:31.904 WARN  JexlEngine - ![0,9]: 'MQRankSum < -12.5;' undefined variable MQRankSum
11:46:31.904 WARN  JexlEngine - ![0,14]: 'ReadPosRankSum < -8.0;' undefined variable ReadPosRankSum
11:46:31.905 WARN  JexlEngine - ![0,9]: 'MQRankSum < -12.5;' undefined variable MQRankSum
11:46:31.905 WARN  JexlEngine - ![0,14]: 'ReadPosRankSum < -8.0;' undefined variable ReadPosRankSum
11:46:31.905 WARN  JexlEngine - ![0,9]: 'MQRankSum < -12.5;' undefined variable MQRankSum
11:46:31.905 WARN  JexlEngine - ![0,14]: 'ReadPosRankSum < -8.0;' undefined variable ReadPosRankSum
11:46:31.906 WARN  JexlEngine - ![0,9]: 'MQRankSum < -12.5;' undefined variable MQRankSum
11:46:31.906 WARN  JexlEngine - ![0,14]: 'ReadPosRankSum < -8.0;' undefined variable ReadPosRankSum
11:46:31.906 WARN  JexlEngine - ![0,9]: 'MQRankSum < -12.5;' undefined variable MQRankSum
11:46:31.906 WARN  JexlEngine - ![0,14]: 'ReadPosRankSum < -8.0;' undefined variable ReadPosRankSum
11:46:31.906 WARN  JexlEngine - ![0,9]: 'MQRankSum < -12.5;' undefined variable MQRankSum
11:46:31.907 WARN  JexlEngine - ![0,14]: 'ReadPosRankSum < -8.0;' undefined variable ReadPosRankSum
11:46:31.907 WARN  JexlEngine - ![0,9]: 'MQRankSum < -12.5;' undefined variable MQRankSum
11:46:31.907 WARN  JexlEngine - ![0,14]: 'ReadPosRankSum < -8.0;' undefined variable ReadPosRankSum
11:46:31.907 WARN  JexlEngine - ![0,9]: 'MQRankSum < -12.5;' undefined variable MQRankSum
11:46:31.907 WARN  JexlEngine - ![0,14]: 'ReadPosRankSum < -8.0;' undefined variable ReadPosRankSum
11:46:31.908 WARN  JexlEngine - ![0,9]: 'MQRankSum < -12.5;' undefined variable MQRankSum
11:46:31.908 WARN  JexlEngine - ![0,14]: 'ReadPosRankSum < -8.0;' undefined variable ReadPosRankSum
11:46:31.908 WARN  JexlEngine - ![0,9]: 'MQRankSum < -12.5;' undefined variable MQRankSum
11:46:31.908 WARN  JexlEngine - ![0,14]: 'ReadPosRankSum < -8.0;' undefined variable ReadPosRankSum
11:46:31.919 WARN  JexlEngine - ![0,9]: 'MQRankSum < -12.5;' undefined variable MQRankSum
11:46:31.919 WARN  JexlEngine - ![0,14]: 'ReadPosRankSum < -8.0;' undefined variable ReadPosRankSum
11:46:31.920 WARN  JexlEngine - ![0,9]: 'MQRankSum < -12.5;' undefined variable MQRankSum
11:46:31.920 WARN  JexlEngine - ![0,14]: 'ReadPosRankSum < -8.0;' undefined variable ReadPosRankSum
11:46:31.920 WARN  JexlEngine - ![0,9]: 'MQRankSum < -12.5;' undefined variable MQRankSum
11:46:31.920 WARN  JexlEngine - ![0,14]: 'ReadPosRankSum < -8.0;' undefined variable ReadPosRankSum
11:46:31.921 WARN  JexlEngine - ![0,9]: 'MQRankSum < -12.5;' undefined variable MQRankSum
11:46:31.921 WARN  JexlEngine - ![0,14]: 'ReadPosRankSum < -8.0;' undefined variable ReadPosRankSum
11:46:31.921 WARN  JexlEngine - ![0,9]: 'MQRankSum < -12.5;' undefined variable MQRankSum
11:46:31.922 WARN  JexlEngine - ![0,14]: 'ReadPosRankSum < -8.0;' undefined variable ReadPosRankSum
11:46:31.923 WARN  JexlEngine - ![0,9]: 'MQRankSum < -12.5;' undefined variable MQRankSum
11:46:31.923 WARN  JexlEngine - ![0,14]: 'ReadPosRankSum < -8.0;' undefined variable ReadPosRankSum
11:46:31.924 WARN  JexlEngine - ![0,9]: 'MQRankSum < -12.5;' undefined variable MQRankSum
11:46:31.924 WARN  JexlEngine - ![0,14]: 'ReadPosRankSum < -8.0;' undefined variable ReadPosRankSum
11:46:31.924 WARN  JexlEngine - ![0,9]: 'MQRankSum < -12.5;' undefined variable MQRankSum
11:46:31.924 WARN  JexlEngine - ![0,14]: 'ReadPosRankSum < -8.0;' undefined variable ReadPosRankSum
11:46:31.924 WARN  JexlEngine - ![0,9]: 'MQRankSum < -12.5;' undefined variable MQRankSum
11:46:31.924 WARN  JexlEngine - ![0,14]: 'ReadPosRankSum < -8.0;' undefined variable ReadPosRankSum
11:46:31.925 WARN  JexlEngine - ![0,9]: 'MQRankSum < -12.5;' undefined variable MQRankSum
11:46:31.925 WARN  JexlEngine - ![0,14]: 'ReadPosRankSum < -8.0;' undefined variable ReadPosRankSum
11:46:31.925 WARN  JexlEngine - ![0,9]: 'MQRankSum < -12.5;' undefined variable MQRankSum
11:46:31.925 WARN  JexlEngine - ![0,14]: 'ReadPosRankSum < -8.0;' undefined variable ReadPosRankSum
11:46:31.926 WARN  JexlEngine - ![0,9]: 'MQRankSum < -12.5;' undefined variable MQRankSum
11:46:31.927 WARN  JexlEngine - ![0,14]: 'ReadPosRankSum < -8.0;' undefined variable ReadPosRankSum
11:46:31.927 WARN  JexlEngine - ![0,9]: 'MQRankSum < -12.5;' undefined variable MQRankSum
11:46:31.927 WARN  JexlEngine - ![0,14]: 'ReadPosRankSum < -8.0;' undefined variable ReadPosRankSum
11:46:31.929 WARN  JexlEngine - ![0,9]: 'MQRankSum < -12.5;' undefined variable MQRankSum
11:46:31.929 WARN  JexlEngine - ![0,14]: 'ReadPosRankSum < -8.0;' undefined variable ReadPosRankSum
11:46:31.929 WARN  JexlEngine - ![0,9]: 'MQRankSum < -12.5;' undefined variable MQRankSum
11:46:31.929 WARN  JexlEngine - ![0,14]: 'ReadPosRankSum < -8.0;' undefined variable ReadPosRankSum
11:46:31.947 WARN  JexlEngine - ![0,9]: 'MQRankSum < -12.5;' undefined variable MQRankSum
11:46:31.947 WARN  JexlEngine - ![0,14]: 'ReadPosRankSum < -8.0;' undefined variable ReadPosRankSum
11:46:31.947 WARN  JexlEngine - ![0,9]: 'MQRankSum < -12.5;' undefined variable MQRankSum
11:46:31.947 WARN  JexlEngine - ![0,14]: 'ReadPosRankSum < -8.0;' undefined variable ReadPosRankSum
11:46:31.947 WARN  JexlEngine - ![0,9]: 'MQRankSum < -12.5;' undefined variable MQRankSum
11:46:31.948 WARN  JexlEngine - ![0,14]: 'ReadPosRankSum < -8.0;' undefined variable ReadPosRankSum
11:46:31.952 WARN  JexlEngine - ![0,9]: 'MQRankSum < -12.5;' undefined variable MQRankSum
11:46:31.952 WARN  JexlEngine - ![0,14]: 'ReadPosRankSum < -8.0;' undefined variable ReadPosRankSum
11:46:31.953 WARN  JexlEngine - ![0,9]: 'MQRankSum < -12.5;' undefined variable MQRankSum
11:46:31.953 WARN  JexlEngine - ![0,14]: 'ReadPosRankSum < -8.0;' undefined variable ReadPosRankSum
11:46:31.953 WARN  JexlEngine - ![0,9]: 'MQRankSum < -12.5;' undefined variable MQRankSum
11:46:31.953 WARN  JexlEngine - ![0,14]: 'ReadPosRankSum < -8.0;' undefined variable ReadPosRankSum
11:46:31.953 WARN  JexlEngine - ![0,9]: 'MQRankSum < -12.5;' undefined variable MQRankSum
11:46:31.953 WARN  JexlEngine - ![0,14]: 'ReadPosRankSum < -8.0;' undefined variable ReadPosRankSum
11:46:31.954 WARN  JexlEngine - ![0,9]: 'MQRankSum < -12.5;' undefined variable MQRankSum
11:46:31.954 WARN  JexlEngine - ![0,14]: 'ReadPosRankSum < -8.0;' undefined variable ReadPosRankSum
11:46:31.954 WARN  JexlEngine - ![0,9]: 'MQRankSum < -12.5;' undefined variable MQRankSum
11:46:31.954 WARN  JexlEngine - ![0,14]: 'ReadPosRankSum < -8.0;' undefined variable ReadPosRankSum
11:46:31.954 WARN  JexlEngine - ![0,9]: 'MQRankSum < -12.5;' undefined variable MQRankSum
11:46:31.954 WARN  JexlEngine - ![0,14]: 'ReadPosRankSum < -8.0;' undefined variable ReadPosRankSum
11:46:31.955 WARN  JexlEngine - ![0,9]: 'MQRankSum < -12.5;' undefined variable MQRankSum
11:46:31.955 WARN  JexlEngine - ![0,14]: 'ReadPosRankSum < -8.0;' undefined variable ReadPosRankSum
11:46:31.955 WARN  JexlEngine - ![0,9]: 'MQRankSum < -12.5;' undefined variable MQRankSum
11:46:31.955 WARN  JexlEngine - ![0,14]: 'ReadPosRankSum < -8.0;' undefined variable ReadPosRankSum
11:46:31.955 WARN  JexlEngine - ![0,9]: 'MQRankSum < -12.5;' undefined variable MQRankSum
11:46:31.955 WARN  JexlEngine - ![0,14]: 'ReadPosRankSum < -8.0;' undefined variable ReadPosRankSum
11:46:31.956 WARN  JexlEngine - ![0,9]: 'MQRankSum < -12.5;' undefined variable MQRankSum
11:46:31.956 WARN  JexlEngine - ![0,14]: 'ReadPosRankSum < -8.0;' undefined variable ReadPosRankSum
11:46:31.956 WARN  JexlEngine - ![0,9]: 'MQRankSum < -12.5;' undefined variable MQRankSum
11:46:31.956 WARN  JexlEngine - ![0,14]: 'ReadPosRankSum < -8.0;' undefined variable ReadPosRankSum
11:46:31.968 WARN  JexlEngine - ![0,9]: 'MQRankSum < -12.5;' undefined variable MQRankSum
11:46:31.968 WARN  JexlEngine - ![0,14]: 'ReadPosRankSum < -8.0;' undefined variable ReadPosRankSum
11:46:31.969 WARN  JexlEngine - ![0,9]: 'MQRankSum < -12.5;' undefined variable MQRankSum
11:46:31.969 WARN  JexlEngine - ![0,14]: 'ReadPosRankSum < -8.0;' undefined variable ReadPosRankSum
11:46:31.970 WARN  JexlEngine - ![0,9]: 'MQRankSum < -12.5;' undefined variable MQRankSum
11:46:31.970 WARN  JexlEngine - ![0,14]: 'ReadPosRankSum < -8.0;' undefined variable ReadPosRankSum
11:46:31.970 WARN  JexlEngine - ![0,9]: 'MQRankSum < -12.5;' undefined variable MQRankSum
11:46:31.970 WARN  JexlEngine - ![0,14]: 'ReadPosRankSum < -8.0;' undefined variable ReadPosRankSum
11:46:31.970 WARN  JexlEngine - ![0,9]: 'MQRankSum < -12.5;' undefined variable MQRankSum
11:46:31.970 WARN  JexlEngine - ![0,14]: 'ReadPosRankSum < -8.0;' undefined variable ReadPosRankSum
11:46:31.971 WARN  JexlEngine - ![0,9]: 'MQRankSum < -12.5;' undefined variable MQRankSum
11:46:31.971 WARN  JexlEngine - ![0,14]: 'ReadPosRankSum < -8.0;' undefined variable ReadPosRankSum
11:46:31.971 WARN  JexlEngine - ![0,9]: 'MQRankSum < -12.5;' undefined variable MQRankSum
11:46:31.971 WARN  JexlEngine - ![0,14]: 'ReadPosRankSum < -8.0;' undefined variable ReadPosRankSum
11:46:31.971 WARN  JexlEngine - ![0,9]: 'MQRankSum < -12.5;' undefined variable MQRankSum
11:46:31.971 WARN  JexlEngine - ![0,14]: 'ReadPosRankSum < -8.0;' undefined variable ReadPosRankSum
11:46:31.972 WARN  JexlEngine - ![0,9]: 'MQRankSum < -12.5;' undefined variable MQRankSum
11:46:31.972 WARN  JexlEngine - ![0,14]: 'ReadPosRankSum < -8.0;' undefined variable ReadPosRankSum
11:46:31.972 WARN  JexlEngine - ![0,9]: 'MQRankSum < -12.5;' undefined variable MQRankSum
11:46:31.972 WARN  JexlEngine - ![0,14]: 'ReadPosRankSum < -8.0;' undefined variable ReadPosRankSum
11:46:31.972 WARN  JexlEngine - ![0,9]: 'MQRankSum < -12.5;' undefined variable MQRankSum
11:46:31.972 WARN  JexlEngine - ![0,14]: 'ReadPosRankSum < -8.0;' undefined variable ReadPosRankSum
11:46:31.973 WARN  JexlEngine - ![0,9]: 'MQRankSum < -12.5;' undefined variable MQRankSum
11:46:31.973 WARN  JexlEngine - ![0,14]: 'ReadPosRankSum < -8.0;' undefined variable ReadPosRankSum
11:46:31.974 WARN  JexlEngine - ![0,9]: 'MQRankSum < -12.5;' undefined variable MQRankSum
11:46:31.974 WARN  JexlEngine - ![0,14]: 'ReadPosRankSum < -8.0;' undefined variable ReadPosRankSum
11:46:31.975 WARN  JexlEngine - ![0,9]: 'MQRankSum < -12.5;' undefined variable MQRankSum
11:46:31.975 WARN  JexlEngine - ![0,14]: 'ReadPosRankSum < -8.0;' undefined variable ReadPosRankSum
11:46:31.975 WARN  JexlEngine - ![0,9]: 'MQRankSum < -12.5;' undefined variable MQRankSum
11:46:31.975 WARN  JexlEngine - ![0,14]: 'ReadPosRankSum < -8.0;' undefined variable ReadPosRankSum
11:46:31.977 WARN  JexlEngine - ![0,9]: 'MQRankSum < -12.5;' undefined variable MQRankSum
11:46:31.977 WARN  JexlEngine - ![0,14]: 'ReadPosRankSum < -8.0;' undefined variable ReadPosRankSum
11:46:31.977 WARN  JexlEngine - ![0,9]: 'MQRankSum < -12.5;' undefined variable MQRankSum
11:46:31.984 WARN  JexlEngine - ![0,14]: 'ReadPosRankSum < -8.0;' undefined variable ReadPosRankSum
11:46:31.985 WARN  JexlEngine - ![0,9]: 'MQRankSum < -12.5;' undefined variable MQRankSum
11:46:31.985 WARN  JexlEngine - ![0,14]: 'ReadPosRankSum < -8.0;' undefined variable ReadPosRankSum
11:46:31.985 WARN  JexlEngine - ![0,9]: 'MQRankSum < -12.5;' undefined variable MQRankSum
11:46:31.985 WARN  JexlEngine - ![0,14]: 'ReadPosRankSum < -8.0;' undefined variable ReadPosRankSum
11:46:31.985 WARN  JexlEngine - ![0,9]: 'MQRankSum < -12.5;' undefined variable MQRankSum
11:46:31.985 WARN  JexlEngine - ![0,14]: 'ReadPosRankSum < -8.0;' undefined variable ReadPosRankSum
11:46:31.986 WARN  JexlEngine - ![0,9]: 'MQRankSum < -12.5;' undefined variable MQRankSum
11:46:31.986 WARN  JexlEngine - ![0,14]: 'ReadPosRankSum < -8.0;' undefined variable ReadPosRankSum
11:46:31.987 WARN  JexlEngine - ![0,9]: 'MQRankSum < -12.5;' undefined variable MQRankSum
11:46:31.987 WARN  JexlEngine - ![0,14]: 'ReadPosRankSum < -8.0;' undefined variable ReadPosRankSum
11:46:31.987 WARN  JexlEngine - ![0,9]: 'MQRankSum < -12.5;' undefined variable MQRankSum
11:46:31.987 WARN  JexlEngine - ![0,14]: 'ReadPosRankSum < -8.0;' undefined variable ReadPosRankSum
11:46:31.988 WARN  JexlEngine - ![0,9]: 'MQRankSum < -12.5;' undefined variable MQRankSum
11:46:31.988 WARN  JexlEngine - ![0,14]: 'ReadPosRankSum < -8.0;' undefined variable ReadPosRankSum
11:46:31.988 WARN  JexlEngine - ![0,9]: 'MQRankSum < -12.5;' undefined variable MQRankSum
11:46:31.988 WARN  JexlEngine - ![0,14]: 'ReadPosRankSum < -8.0;' undefined variable ReadPosRankSum
11:46:31.988 WARN  JexlEngine - ![0,9]: 'MQRankSum < -12.5;' undefined variable MQRankSum
11:46:31.988 WARN  JexlEngine - ![0,14]: 'ReadPosRankSum < -8.0;' undefined variable ReadPosRankSum
11:46:31.989 WARN  JexlEngine - ![0,9]: 'MQRankSum < -12.5;' undefined variable MQRankSum
11:46:31.989 WARN  JexlEngine - ![0,14]: 'ReadPosRankSum < -8.0;' undefined variable ReadPosRankSum
11:46:31.989 WARN  JexlEngine - ![0,9]: 'MQRankSum < -12.5;' undefined variable MQRankSum
11:46:31.990 WARN  JexlEngine - ![0,14]: 'ReadPosRankSum < -8.0;' undefined variable ReadPosRankSum
11:46:31.990 WARN  JexlEngine - ![0,9]: 'MQRankSum < -12.5;' undefined variable MQRankSum
11:46:31.990 WARN  JexlEngine - ![0,14]: 'ReadPosRankSum < -8.0;' undefined variable ReadPosRankSum
11:46:31.991 WARN  JexlEngine - ![0,9]: 'MQRankSum < -12.5;' undefined variable MQRankSum
11:46:31.991 WARN  JexlEngine - ![0,14]: 'ReadPosRankSum < -8.0;' undefined variable ReadPosRankSum
11:46:31.993 WARN  JexlEngine - ![0,9]: 'MQRankSum < -12.5;' undefined variable MQRankSum
11:46:31.993 WARN  JexlEngine - ![0,14]: 'ReadPosRankSum < -8.0;' undefined variable ReadPosRankSum
11:46:31.993 WARN  JexlEngine - ![0,9]: 'MQRankSum < -12.5;' undefined variable MQRankSum
11:46:31.993 WARN  JexlEngine - ![0,14]: 'ReadPosRankSum < -8.0;' undefined variable ReadPosRankSum
11:46:31.993 WARN  JexlEngine - ![0,9]: 'MQRankSum < -12.5;' undefined variable MQRankSum
11:46:31.994 WARN  JexlEngine - ![0,14]: 'ReadPosRankSum < -8.0;' undefined variable ReadPosRankSum
11:46:31.994 WARN  JexlEngine - ![0,9]: 'MQRankSum < -12.5;' undefined variable MQRankSum
11:46:31.994 WARN  JexlEngine - ![0,14]: 'ReadPosRankSum < -8.0;' undefined variable ReadPosRankSum
11:46:31.994 WARN  JexlEngine - ![0,9]: 'MQRankSum < -12.5;' undefined variable MQRankSum
11:46:31.994 WARN  JexlEngine - ![0,14]: 'ReadPosRankSum < -8.0;' undefined variable ReadPosRankSum
11:46:31.994 WARN  JexlEngine - ![0,9]: 'MQRankSum < -12.5;' undefined variable MQRankSum
11:46:31.994 WARN  JexlEngine - ![0,14]: 'ReadPosRankSum < -8.0;' undefined variable ReadPosRankSum
11:46:32.016 WARN  JexlEngine - ![0,9]: 'MQRankSum < -12.5;' undefined variable MQRankSum
11:46:32.016 WARN  JexlEngine - ![0,14]: 'ReadPosRankSum < -8.0;' undefined variable ReadPosRankSum
11:46:32.018 WARN  JexlEngine - ![0,9]: 'MQRankSum < -12.5;' undefined variable MQRankSum
11:46:32.018 WARN  JexlEngine - ![0,14]: 'ReadPosRankSum < -8.0;' undefined variable ReadPosRankSum
11:46:32.020 WARN  JexlEngine - ![0,9]: 'MQRankSum < -12.5;' undefined variable MQRankSum
11:46:32.020 WARN  JexlEngine - ![0,14]: 'ReadPosRankSum < -8.0;' undefined variable ReadPosRankSum
11:46:32.021 WARN  JexlEngine - ![0,9]: 'MQRankSum < -12.5;' undefined variable MQRankSum
11:46:32.021 WARN  JexlEngine - ![0,14]: 'ReadPosRankSum < -8.0;' undefined variable ReadPosRankSum
11:46:32.021 WARN  JexlEngine - ![0,9]: 'MQRankSum < -12.5;' undefined variable MQRankSum
11:46:32.021 WARN  JexlEngine - ![0,14]: 'ReadPosRankSum < -8.0;' undefined variable ReadPosRankSum
11:46:32.022 WARN  JexlEngine - ![0,9]: 'MQRankSum < -12.5;' undefined variable MQRankSum
11:46:32.022 WARN  JexlEngine - ![0,14]: 'ReadPosRankSum < -8.0;' undefined variable ReadPosRankSum
11:46:32.023 WARN  JexlEngine - ![0,9]: 'MQRankSum < -12.5;' undefined variable MQRankSum
11:46:32.023 WARN  JexlEngine - ![0,14]: 'ReadPosRankSum < -8.0;' undefined variable ReadPosRankSum
11:46:32.024 WARN  JexlEngine - ![0,9]: 'MQRankSum < -12.5;' undefined variable MQRankSum
11:46:32.024 WARN  JexlEngine - ![0,14]: 'ReadPosRankSum < -8.0;' undefined variable ReadPosRankSum
11:46:32.025 WARN  JexlEngine - ![0,9]: 'MQRankSum < -12.5;' undefined variable MQRankSum
11:46:32.025 WARN  JexlEngine - ![0,14]: 'ReadPosRankSum < -8.0;' undefined variable ReadPosRankSum
11:46:32.044 WARN  JexlEngine - ![0,9]: 'MQRankSum < -12.5;' undefined variable MQRankSum
11:46:32.044 WARN  JexlEngine - ![0,14]: 'ReadPosRankSum < -8.0;' undefined variable ReadPosRankSum
11:46:32.045 WARN  JexlEngine - ![0,9]: 'MQRankSum < -12.5;' undefined variable MQRankSum
11:46:32.045 WARN  JexlEngine - ![0,14]: 'ReadPosRankSum < -8.0;' undefined variable ReadPosRankSum
11:46:32.047 WARN  JexlEngine - ![0,9]: 'MQRankSum < -12.5;' undefined variable MQRankSum
11:46:32.047 WARN  JexlEngine - ![0,14]: 'ReadPosRankSum < -8.0;' undefined variable ReadPosRankSum
11:46:32.048 WARN  JexlEngine - ![0,9]: 'MQRankSum < -12.5;' undefined variable MQRankSum
11:46:32.048 WARN  JexlEngine - ![0,14]: 'ReadPosRankSum < -8.0;' undefined variable ReadPosRankSum
11:46:32.049 WARN  JexlEngine - ![0,9]: 'MQRankSum < -12.5;' undefined variable MQRankSum
11:46:32.049 WARN  JexlEngine - ![0,14]: 'ReadPosRankSum < -8.0;' undefined variable ReadPosRankSum
11:46:32.049 WARN  JexlEngine - ![0,9]: 'MQRankSum < -12.5;' undefined variable MQRankSum
11:46:32.050 WARN  JexlEngine - ![0,14]: 'ReadPosRankSum < -8.0;' undefined variable ReadPosRankSum
11:46:32.050 WARN  JexlEngine - ![0,9]: 'MQRankSum < -12.5;' undefined variable MQRankSum
11:46:32.050 WARN  JexlEngine - ![0,14]: 'ReadPosRankSum < -8.0;' undefined variable ReadPosRankSum
11:46:32.051 WARN  JexlEngine - ![0,9]: 'MQRankSum < -12.5;' undefined variable MQRankSum
11:46:32.051 WARN  JexlEngine - ![0,14]: 'ReadPosRankSum < -8.0;' undefined variable ReadPosRankSum
11:46:32.051 WARN  JexlEngine - ![0,9]: 'MQRankSum < -12.5;' undefined variable MQRankSum
11:46:32.051 WARN  JexlEngine - ![0,14]: 'ReadPosRankSum < -8.0;' undefined variable ReadPosRankSum
11:46:32.052 WARN  JexlEngine - ![0,9]: 'MQRankSum < -12.5;' undefined variable MQRankSum
11:46:32.052 WARN  JexlEngine - ![0,14]: 'ReadPosRankSum < -8.0;' undefined variable ReadPosRankSum
11:46:32.052 WARN  JexlEngine - ![0,9]: 'MQRankSum < -12.5;' undefined variable MQRankSum
11:46:32.052 WARN  JexlEngine - ![0,14]: 'ReadPosRankSum < -8.0;' undefined variable ReadPosRankSum
11:46:32.052 WARN  JexlEngine - ![0,9]: 'MQRankSum < -12.5;' undefined variable MQRankSum
11:46:32.052 WARN  JexlEngine - ![0,14]: 'ReadPosRankSum < -8.0;' undefined variable ReadPosRankSum
11:46:32.053 WARN  JexlEngine - ![0,9]: 'MQRankSum < -12.5;' undefined variable MQRankSum
11:46:32.053 WARN  JexlEngine - ![0,14]: 'ReadPosRankSum < -8.0;' undefined variable ReadPosRankSum
11:46:32.053 WARN  JexlEngine - ![0,9]: 'MQRankSum < -12.5;' undefined variable MQRankSum
11:46:32.054 WARN  JexlEngine - ![0,14]: 'ReadPosRankSum < -8.0;' undefined variable ReadPosRankSum
11:46:32.054 WARN  JexlEngine - ![0,9]: 'MQRankSum < -12.5;' undefined variable MQRankSum
11:46:32.054 WARN  JexlEngine - ![0,14]: 'ReadPosRankSum < -8.0;' undefined variable ReadPosRankSum
11:46:32.055 WARN  JexlEngine - ![0,9]: 'MQRankSum < -12.5;' undefined variable MQRankSum
11:46:32.055 WARN  JexlEngine - ![0,14]: 'ReadPosRankSum < -8.0;' undefined variable ReadPosRankSum
11:46:32.055 WARN  JexlEngine - ![0,9]: 'MQRankSum < -12.5;' undefined variable MQRankSum
11:46:32.067 WARN  JexlEngine - ![0,14]: 'ReadPosRankSum < -8.0;' undefined variable ReadPosRankSum
11:46:32.068 WARN  JexlEngine - ![0,9]: 'MQRankSum < -12.5;' undefined variable MQRankSum
11:46:32.068 WARN  JexlEngine - ![0,14]: 'ReadPosRankSum < -8.0;' undefined variable ReadPosRankSum
11:46:32.069 WARN  JexlEngine - ![0,9]: 'MQRankSum < -12.5;' undefined variable MQRankSum
11:46:32.069 WARN  JexlEngine - ![0,14]: 'ReadPosRankSum < -8.0;' undefined variable ReadPosRankSum
11:46:32.070 WARN  JexlEngine - ![0,9]: 'MQRankSum < -12.5;' undefined variable MQRankSum
11:46:32.071 WARN  JexlEngine - ![0,14]: 'ReadPosRankSum < -8.0;' undefined variable ReadPosRankSum
11:46:32.071 WARN  JexlEngine - ![0,9]: 'MQRankSum < -12.5;' undefined variable MQRankSum
11:46:32.071 WARN  JexlEngine - ![0,14]: 'ReadPosRankSum < -8.0;' undefined variable ReadPosRankSum
11:46:32.071 WARN  JexlEngine - ![0,9]: 'MQRankSum < -12.5;' undefined variable MQRankSum
11:46:32.071 WARN  JexlEngine - ![0,14]: 'ReadPosRankSum < -8.0;' undefined variable ReadPosRankSum
11:46:32.072 WARN  JexlEngine - ![0,9]: 'MQRankSum < -12.5;' undefined variable MQRankSum
11:46:32.072 WARN  JexlEngine - ![0,14]: 'ReadPosRankSum < -8.0;' undefined variable ReadPosRankSum
11:46:32.073 WARN  JexlEngine - ![0,9]: 'MQRankSum < -12.5;' undefined variable MQRankSum
11:46:32.073 WARN  JexlEngine - ![0,14]: 'ReadPosRankSum < -8.0;' undefined variable ReadPosRankSum
11:46:32.074 WARN  JexlEngine - ![0,9]: 'MQRankSum < -12.5;' undefined variable MQRankSum
11:46:32.074 WARN  JexlEngine - ![0,14]: 'ReadPosRankSum < -8.0;' undefined variable ReadPosRankSum
11:46:32.077 WARN  JexlEngine - ![0,9]: 'MQRankSum < -12.5;' undefined variable MQRankSum
11:46:32.077 WARN  JexlEngine - ![0,14]: 'ReadPosRankSum < -8.0;' undefined variable ReadPosRankSum
11:46:32.123 WARN  JexlEngine - ![0,9]: 'MQRankSum < -12.5;' undefined variable MQRankSum
11:46:32.123 WARN  JexlEngine - ![0,14]: 'ReadPosRankSum < -8.0;' undefined variable ReadPosRankSum
11:46:32.159 WARN  JexlEngine - ![0,9]: 'MQRankSum < -12.5;' undefined variable MQRankSum
11:46:32.159 WARN  JexlEngine - ![0,14]: 'ReadPosRankSum < -8.0;' undefined variable ReadPosRankSum
11:46:32.166 WARN  JexlEngine - ![0,9]: 'MQRankSum < -12.5;' undefined variable MQRankSum
11:46:32.166 WARN  JexlEngine - ![0,14]: 'ReadPosRankSum < -8.0;' undefined variable ReadPosRankSum
11:46:32.174 WARN  JexlEngine - ![0,9]: 'MQRankSum < -12.5;' undefined variable MQRankSum
11:46:32.174 WARN  JexlEngine - ![0,14]: 'ReadPosRankSum < -8.0;' undefined variable ReadPosRankSum
11:46:32.174 WARN  JexlEngine - ![0,9]: 'MQRankSum < -12.5;' undefined variable MQRankSum
11:46:32.174 WARN  JexlEngine - ![0,14]: 'ReadPosRankSum < -8.0;' undefined variable ReadPosRankSum
11:46:32.174 WARN  JexlEngine - ![0,9]: 'MQRankSum < -12.5;' undefined variable MQRankSum
11:46:32.174 WARN  JexlEngine - ![0,14]: 'ReadPosRankSum < -8.0;' undefined variable ReadPosRankSum
11:46:32.175 WARN  JexlEngine - ![0,9]: 'MQRankSum < -12.5;' undefined variable MQRankSum
11:46:32.175 WARN  JexlEngine - ![0,14]: 'ReadPosRankSum < -8.0;' undefined variable ReadPosRankSum
11:46:32.205 WARN  JexlEngine - ![0,9]: 'MQRankSum < -12.5;' undefined variable MQRankSum
11:46:32.205 WARN  JexlEngine - ![0,14]: 'ReadPosRankSum < -8.0;' undefined variable ReadPosRankSum
11:46:32.234 WARN  JexlEngine - ![0,9]: 'MQRankSum < -12.5;' undefined variable MQRankSum
11:46:32.234 WARN  JexlEngine - ![0,14]: 'ReadPosRankSum < -8.0;' undefined variable ReadPosRankSum
11:46:32.237 WARN  JexlEngine - ![0,9]: 'MQRankSum < -12.5;' undefined variable MQRankSum
11:46:32.237 WARN  JexlEngine - ![0,14]: 'ReadPosRankSum < -8.0;' undefined variable ReadPosRankSum
11:46:32.252 WARN  JexlEngine - ![0,9]: 'MQRankSum < -12.5;' undefined variable MQRankSum
11:46:32.252 WARN  JexlEngine - ![0,14]: 'ReadPosRankSum < -8.0;' undefined variable ReadPosRankSum
11:46:32.257 WARN  JexlEngine - ![0,9]: 'MQRankSum < -12.5;' undefined variable MQRankSum
11:46:32.257 WARN  JexlEngine - ![0,14]: 'ReadPosRankSum < -8.0;' undefined variable ReadPosRankSum
11:46:32.321 WARN  JexlEngine - ![0,9]: 'MQRankSum < -12.5;' undefined variable MQRankSum
11:46:32.321 WARN  JexlEngine - ![0,14]: 'ReadPosRankSum < -8.0;' undefined variable ReadPosRankSum
11:46:32.323 WARN  JexlEngine - ![0,9]: 'MQRankSum < -12.5;' undefined variable MQRankSum
11:46:32.323 WARN  JexlEngine - ![0,14]: 'ReadPosRankSum < -8.0;' undefined variable ReadPosRankSum
11:46:32.323 WARN  JexlEngine - ![0,9]: 'MQRankSum < -12.5;' undefined variable MQRankSum
11:46:32.323 WARN  JexlEngine - ![0,14]: 'ReadPosRankSum < -8.0;' undefined variable ReadPosRankSum
11:46:32.323 WARN  JexlEngine - ![0,9]: 'MQRankSum < -12.5;' undefined variable MQRankSum
11:46:32.323 WARN  JexlEngine - ![0,14]: 'ReadPosRankSum < -8.0;' undefined variable ReadPosRankSum
11:46:32.324 WARN  JexlEngine - ![0,9]: 'MQRankSum < -12.5;' undefined variable MQRankSum
11:46:32.324 WARN  JexlEngine - ![0,14]: 'ReadPosRankSum < -8.0;' undefined variable ReadPosRankSum
11:46:32.324 WARN  JexlEngine - ![0,9]: 'MQRankSum < -12.5;' undefined variable MQRankSum
11:46:32.324 WARN  JexlEngine - ![0,14]: 'ReadPosRankSum < -8.0;' undefined variable ReadPosRankSum
11:46:32.324 WARN  JexlEngine - ![0,9]: 'MQRankSum < -12.5;' undefined variable MQRankSum
11:46:32.324 WARN  JexlEngine - ![0,14]: 'ReadPosRankSum < -8.0;' undefined variable ReadPosRankSum
11:46:32.324 WARN  JexlEngine - ![0,9]: 'MQRankSum < -12.5;' undefined variable MQRankSum
11:46:32.324 WARN  JexlEngine - ![0,14]: 'ReadPosRankSum < -8.0;' undefined variable ReadPosRankSum
11:46:32.324 WARN  JexlEngine - ![0,9]: 'MQRankSum < -12.5;' undefined variable MQRankSum
11:46:32.324 WARN  JexlEngine - ![0,14]: 'ReadPosRankSum < -8.0;' undefined variable ReadPosRankSum
11:46:32.324 WARN  JexlEngine - ![0,9]: 'MQRankSum < -12.5;' undefined variable MQRankSum
11:46:32.325 WARN  JexlEngine - ![0,14]: 'ReadPosRankSum < -8.0;' undefined variable ReadPosRankSum
11:46:32.325 WARN  JexlEngine - ![0,9]: 'MQRankSum < -12.5;' undefined variable MQRankSum
11:46:32.325 WARN  JexlEngine - ![0,14]: 'ReadPosRankSum < -8.0;' undefined variable ReadPosRankSum
11:46:32.325 WARN  JexlEngine - ![0,9]: 'MQRankSum < -12.5;' undefined variable MQRankSum
11:46:32.325 WARN  JexlEngine - ![0,14]: 'ReadPosRankSum < -8.0;' undefined variable ReadPosRankSum
11:46:32.325 WARN  JexlEngine - ![0,9]: 'MQRankSum < -12.5;' undefined variable MQRankSum
11:46:32.325 WARN  JexlEngine - ![0,14]: 'ReadPosRankSum < -8.0;' undefined variable ReadPosRankSum
11:46:32.325 WARN  JexlEngine - ![0,9]: 'MQRankSum < -12.5;' undefined variable MQRankSum
11:46:32.325 WARN  JexlEngine - ![0,14]: 'ReadPosRankSum < -8.0;' undefined variable ReadPosRankSum
11:46:32.325 WARN  JexlEngine - ![0,9]: 'MQRankSum < -12.5;' undefined variable MQRankSum
11:46:32.325 WARN  JexlEngine - ![0,14]: 'ReadPosRankSum < -8.0;' undefined variable ReadPosRankSum
11:46:32.325 WARN  JexlEngine - ![0,9]: 'MQRankSum < -12.5;' undefined variable MQRankSum
11:46:32.326 WARN  JexlEngine - ![0,14]: 'ReadPosRankSum < -8.0;' undefined variable ReadPosRankSum
11:46:32.326 WARN  JexlEngine - ![0,9]: 'MQRankSum < -12.5;' undefined variable MQRankSum
11:46:32.326 WARN  JexlEngine - ![0,14]: 'ReadPosRankSum < -8.0;' undefined variable ReadPosRankSum
11:46:32.326 WARN  JexlEngine - ![0,9]: 'MQRankSum < -12.5;' undefined variable MQRankSum
11:46:32.326 WARN  JexlEngine - ![0,14]: 'ReadPosRankSum < -8.0;' undefined variable ReadPosRankSum
11:46:32.326 WARN  JexlEngine - ![0,9]: 'MQRankSum < -12.5;' undefined variable MQRankSum
11:46:32.326 WARN  JexlEngine - ![0,14]: 'ReadPosRankSum < -8.0;' undefined variable ReadPosRankSum
11:46:32.326 WARN  JexlEngine - ![0,9]: 'MQRankSum < -12.5;' undefined variable MQRankSum
11:46:32.326 WARN  JexlEngine - ![0,14]: 'ReadPosRankSum < -8.0;' undefined variable ReadPosRankSum
11:46:32.326 WARN  JexlEngine - ![0,9]: 'MQRankSum < -12.5;' undefined variable MQRankSum
11:46:32.326 WARN  JexlEngine - ![0,14]: 'ReadPosRankSum < -8.0;' undefined variable ReadPosRankSum
11:46:32.326 WARN  JexlEngine - ![0,9]: 'MQRankSum < -12.5;' undefined variable MQRankSum
11:46:32.327 WARN  JexlEngine - ![0,14]: 'ReadPosRankSum < -8.0;' undefined variable ReadPosRankSum
11:46:32.327 WARN  JexlEngine - ![0,9]: 'MQRankSum < -12.5;' undefined variable MQRankSum
11:46:32.327 WARN  JexlEngine - ![0,14]: 'ReadPosRankSum < -8.0;' undefined variable ReadPosRankSum
11:46:32.327 WARN  JexlEngine - ![0,9]: 'MQRankSum < -12.5;' undefined variable MQRankSum
11:46:32.327 WARN  JexlEngine - ![0,14]: 'ReadPosRankSum < -8.0;' undefined variable ReadPosRankSum
11:46:32.327 WARN  JexlEngine - ![0,9]: 'MQRankSum < -12.5;' undefined variable MQRankSum
11:46:32.327 WARN  JexlEngine - ![0,14]: 'ReadPosRankSum < -8.0;' undefined variable ReadPosRankSum
11:46:32.327 WARN  JexlEngine - ![0,9]: 'MQRankSum < -12.5;' undefined variable MQRankSum
11:46:32.327 WARN  JexlEngine - ![0,14]: 'ReadPosRankSum < -8.0;' undefined variable ReadPosRankSum
11:46:32.327 WARN  JexlEngine - ![0,9]: 'MQRankSum < -12.5;' undefined variable MQRankSum
11:46:32.327 WARN  JexlEngine - ![0,14]: 'ReadPosRankSum < -8.0;' undefined variable ReadPosRankSum
11:46:32.327 WARN  JexlEngine - ![0,9]: 'MQRankSum < -12.5;' undefined variable MQRankSum
11:46:32.328 WARN  JexlEngine - ![0,14]: 'ReadPosRankSum < -8.0;' undefined variable ReadPosRankSum
11:46:32.328 WARN  JexlEngine - ![0,9]: 'MQRankSum < -12.5;' undefined variable MQRankSum
11:46:32.328 WARN  JexlEngine - ![0,14]: 'ReadPosRankSum < -8.0;' undefined variable ReadPosRankSum
11:46:32.328 WARN  JexlEngine - ![0,9]: 'MQRankSum < -12.5;' undefined variable MQRankSum
11:46:32.328 WARN  JexlEngine - ![0,14]: 'ReadPosRankSum < -8.0;' undefined variable ReadPosRankSum
11:46:32.328 WARN  JexlEngine - ![0,9]: 'MQRankSum < -12.5;' undefined variable MQRankSum
11:46:32.328 WARN  JexlEngine - ![0,14]: 'ReadPosRankSum < -8.0;' undefined variable ReadPosRankSum
11:46:32.328 WARN  JexlEngine - ![0,9]: 'MQRankSum < -12.5;' undefined variable MQRankSum
11:46:32.328 WARN  JexlEngine - ![0,14]: 'ReadPosRankSum < -8.0;' undefined variable ReadPosRankSum
11:46:32.328 WARN  JexlEngine - ![0,9]: 'MQRankSum < -12.5;' undefined variable MQRankSum
11:46:32.328 WARN  JexlEngine - ![0,14]: 'ReadPosRankSum < -8.0;' undefined variable ReadPosRankSum
11:46:32.328 WARN  JexlEngine - ![0,9]: 'MQRankSum < -12.5;' undefined variable MQRankSum
11:46:32.329 WARN  JexlEngine - ![0,14]: 'ReadPosRankSum < -8.0;' undefined variable ReadPosRankSum
11:46:32.329 WARN  JexlEngine - ![0,9]: 'MQRankSum < -12.5;' undefined variable MQRankSum
11:46:32.329 WARN  JexlEngine - ![0,14]: 'ReadPosRankSum < -8.0;' undefined variable ReadPosRankSum
11:46:32.329 WARN  JexlEngine - ![0,9]: 'MQRankSum < -12.5;' undefined variable MQRankSum
11:46:32.329 WARN  JexlEngine - ![0,14]: 'ReadPosRankSum < -8.0;' undefined variable ReadPosRankSum
11:46:32.329 WARN  JexlEngine - ![0,9]: 'MQRankSum < -12.5;' undefined variable MQRankSum
11:46:32.329 WARN  JexlEngine - ![0,14]: 'ReadPosRankSum < -8.0;' undefined variable ReadPosRankSum
11:46:32.329 WARN  JexlEngine - ![0,9]: 'MQRankSum < -12.5;' undefined variable MQRankSum
11:46:32.343 WARN  JexlEngine - ![0,14]: 'ReadPosRankSum < -8.0;' undefined variable ReadPosRankSum
11:46:32.344 WARN  JexlEngine - ![0,9]: 'MQRankSum < -12.5;' undefined variable MQRankSum
11:46:32.344 WARN  JexlEngine - ![0,14]: 'ReadPosRankSum < -8.0;' undefined variable ReadPosRankSum
11:46:32.344 WARN  JexlEngine - ![0,9]: 'MQRankSum < -12.5;' undefined variable MQRankSum
11:46:32.344 WARN  JexlEngine - ![0,14]: 'ReadPosRankSum < -8.0;' undefined variable ReadPosRankSum
11:46:32.344 WARN  JexlEngine - ![0,9]: 'MQRankSum < -12.5;' undefined variable MQRankSum
11:46:32.344 WARN  JexlEngine - ![0,14]: 'ReadPosRankSum < -8.0;' undefined variable ReadPosRankSum
11:46:32.344 WARN  JexlEngine - ![0,9]: 'MQRankSum < -12.5;' undefined variable MQRankSum
11:46:32.344 WARN  JexlEngine - ![0,14]: 'ReadPosRankSum < -8.0;' undefined variable ReadPosRankSum
11:46:32.344 WARN  JexlEngine - ![0,9]: 'MQRankSum < -12.5;' undefined variable MQRankSum
11:46:32.344 WARN  JexlEngine - ![0,14]: 'ReadPosRankSum < -8.0;' undefined variable ReadPosRankSum
11:46:32.345 WARN  JexlEngine - ![0,9]: 'MQRankSum < -12.5;' undefined variable MQRankSum
11:46:32.345 WARN  JexlEngine - ![0,14]: 'ReadPosRankSum < -8.0;' undefined variable ReadPosRankSum
11:46:32.345 WARN  JexlEngine - ![0,9]: 'MQRankSum < -12.5;' undefined variable MQRankSum
11:46:32.345 WARN  JexlEngine - ![0,14]: 'ReadPosRankSum < -8.0;' undefined variable ReadPosRankSum
11:46:32.345 WARN  JexlEngine - ![0,9]: 'MQRankSum < -12.5;' undefined variable MQRankSum
11:46:32.345 WARN  JexlEngine - ![0,14]: 'ReadPosRankSum < -8.0;' undefined variable ReadPosRankSum
11:46:32.345 WARN  JexlEngine - ![0,9]: 'MQRankSum < -12.5;' undefined variable MQRankSum
11:46:32.345 WARN  JexlEngine - ![0,14]: 'ReadPosRankSum < -8.0;' undefined variable ReadPosRankSum
11:46:32.345 WARN  JexlEngine - ![0,9]: 'MQRankSum < -12.5;' undefined variable MQRankSum
11:46:32.345 WARN  JexlEngine - ![0,14]: 'ReadPosRankSum < -8.0;' undefined variable ReadPosRankSum
11:46:32.345 WARN  JexlEngine - ![0,9]: 'MQRankSum < -12.5;' undefined variable MQRankSum
11:46:32.345 WARN  JexlEngine - ![0,14]: 'ReadPosRankSum < -8.0;' undefined variable ReadPosRankSum
11:46:32.346 WARN  JexlEngine - ![0,9]: 'MQRankSum < -12.5;' undefined variable MQRankSum
11:46:32.346 WARN  JexlEngine - ![0,14]: 'ReadPosRankSum < -8.0;' undefined variable ReadPosRankSum
11:46:32.346 WARN  JexlEngine - ![0,9]: 'MQRankSum < -12.5;' undefined variable MQRankSum
11:46:32.346 WARN  JexlEngine - ![0,14]: 'ReadPosRankSum < -8.0;' undefined variable ReadPosRankSum
11:46:32.346 WARN  JexlEngine - ![0,9]: 'MQRankSum < -12.5;' undefined variable MQRankSum
11:46:32.346 WARN  JexlEngine - ![0,14]: 'ReadPosRankSum < -8.0;' undefined variable ReadPosRankSum
11:46:32.346 WARN  JexlEngine - ![0,9]: 'MQRankSum < -12.5;' undefined variable MQRankSum
11:46:32.346 WARN  JexlEngine - ![0,14]: 'ReadPosRankSum < -8.0;' undefined variable ReadPosRankSum
11:46:32.346 WARN  JexlEngine - ![0,9]: 'MQRankSum < -12.5;' undefined variable MQRankSum
11:46:32.346 WARN  JexlEngine - ![0,14]: 'ReadPosRankSum < -8.0;' undefined variable ReadPosRankSum
11:46:32.346 WARN  JexlEngine - ![0,9]: 'MQRankSum < -12.5;' undefined variable MQRankSum
11:46:32.346 WARN  JexlEngine - ![0,14]: 'ReadPosRankSum < -8.0;' undefined variable ReadPosRankSum
11:46:32.346 WARN  JexlEngine - ![0,9]: 'MQRankSum < -12.5;' undefined variable MQRankSum
11:46:32.346 WARN  JexlEngine - ![0,14]: 'ReadPosRankSum < -8.0;' undefined variable ReadPosRankSum
11:46:32.347 WARN  JexlEngine - ![0,9]: 'MQRankSum < -12.5;' undefined variable MQRankSum
11:46:32.347 WARN  JexlEngine - ![0,14]: 'ReadPosRankSum < -8.0;' undefined variable ReadPosRankSum
11:46:32.347 WARN  JexlEngine - ![0,9]: 'MQRankSum < -12.5;' undefined variable MQRankSum
11:46:32.347 WARN  JexlEngine - ![0,14]: 'ReadPosRankSum < -8.0;' undefined variable ReadPosRankSum
11:46:32.347 WARN  JexlEngine - ![0,9]: 'MQRankSum < -12.5;' undefined variable MQRankSum
11:46:32.347 WARN  JexlEngine - ![0,14]: 'ReadPosRankSum < -8.0;' undefined variable ReadPosRankSum
11:46:32.347 WARN  JexlEngine - ![0,9]: 'MQRankSum < -12.5;' undefined variable MQRankSum
11:46:32.347 WARN  JexlEngine - ![0,14]: 'ReadPosRankSum < -8.0;' undefined variable ReadPosRankSum
11:46:32.347 WARN  JexlEngine - ![0,9]: 'MQRankSum < -12.5;' undefined variable MQRankSum
11:46:32.347 WARN  JexlEngine - ![0,14]: 'ReadPosRankSum < -8.0;' undefined variable ReadPosRankSum
11:46:32.347 WARN  JexlEngine - ![0,9]: 'MQRankSum < -12.5;' undefined variable MQRankSum
11:46:32.348 WARN  JexlEngine - ![0,14]: 'ReadPosRankSum < -8.0;' undefined variable ReadPosRankSum
11:46:32.348 WARN  JexlEngine - ![0,9]: 'MQRankSum < -12.5;' undefined variable MQRankSum
11:46:32.348 WARN  JexlEngine - ![0,14]: 'ReadPosRankSum < -8.0;' undefined variable ReadPosRankSum
11:46:32.348 WARN  JexlEngine - ![0,9]: 'MQRankSum < -12.5;' undefined variable MQRankSum
11:46:32.348 WARN  JexlEngine - ![0,14]: 'ReadPosRankSum < -8.0;' undefined variable ReadPosRankSum
11:46:32.348 WARN  JexlEngine - ![0,9]: 'MQRankSum < -12.5;' undefined variable MQRankSum
11:46:32.348 WARN  JexlEngine - ![0,14]: 'ReadPosRankSum < -8.0;' undefined variable ReadPosRankSum
11:46:32.348 WARN  JexlEngine - ![0,9]: 'MQRankSum < -12.5;' undefined variable MQRankSum
11:46:32.348 WARN  JexlEngine - ![0,14]: 'ReadPosRankSum < -8.0;' undefined variable ReadPosRankSum
11:46:32.348 WARN  JexlEngine - ![0,9]: 'MQRankSum < -12.5;' undefined variable MQRankSum
11:46:32.348 WARN  JexlEngine - ![0,14]: 'ReadPosRankSum < -8.0;' undefined variable ReadPosRankSum
11:46:32.348 WARN  JexlEngine - ![0,9]: 'MQRankSum < -12.5;' undefined variable MQRankSum
11:46:32.349 WARN  JexlEngine - ![0,14]: 'ReadPosRankSum < -8.0;' undefined variable ReadPosRankSum
11:46:32.350 WARN  JexlEngine - ![0,9]: 'MQRankSum < -12.5;' undefined variable MQRankSum
11:46:32.350 WARN  JexlEngine - ![0,14]: 'ReadPosRankSum < -8.0;' undefined variable ReadPosRankSum
11:46:32.351 WARN  JexlEngine - ![0,9]: 'MQRankSum < -12.5;' undefined variable MQRankSum
11:46:32.351 WARN  JexlEngine - ![0,14]: 'ReadPosRankSum < -8.0;' undefined variable ReadPosRankSum
11:46:32.351 WARN  JexlEngine - ![0,9]: 'MQRankSum < -12.5;' undefined variable MQRankSum
11:46:32.351 WARN  JexlEngine - ![0,14]: 'ReadPosRankSum < -8.0;' undefined variable ReadPosRankSum
11:46:32.351 WARN  JexlEngine - ![0,9]: 'MQRankSum < -12.5;' undefined variable MQRankSum
11:46:32.351 WARN  JexlEngine - ![0,14]: 'ReadPosRankSum < -8.0;' undefined variable ReadPosRankSum
11:46:32.352 WARN  JexlEngine - ![0,9]: 'MQRankSum < -12.5;' undefined variable MQRankSum
11:46:32.352 WARN  JexlEngine - ![0,14]: 'ReadPosRankSum < -8.0;' undefined variable ReadPosRankSum
11:46:32.352 WARN  JexlEngine - ![0,9]: 'MQRankSum < -12.5;' undefined variable MQRankSum
11:46:32.352 WARN  JexlEngine - ![0,14]: 'ReadPosRankSum < -8.0;' undefined variable ReadPosRankSum
11:46:32.353 WARN  JexlEngine - ![0,9]: 'MQRankSum < -12.5;' undefined variable MQRankSum
11:46:32.353 WARN  JexlEngine - ![0,14]: 'ReadPosRankSum < -8.0;' undefined variable ReadPosRankSum
11:46:32.353 WARN  JexlEngine - ![0,9]: 'MQRankSum < -12.5;' undefined variable MQRankSum
11:46:32.353 WARN  JexlEngine - ![0,14]: 'ReadPosRankSum < -8.0;' undefined variable ReadPosRankSum
11:46:32.353 WARN  JexlEngine - ![0,9]: 'MQRankSum < -12.5;' undefined variable MQRankSum
11:46:32.353 WARN  JexlEngine - ![0,14]: 'ReadPosRankSum < -8.0;' undefined variable ReadPosRankSum
11:46:32.353 WARN  JexlEngine - ![0,9]: 'MQRankSum < -12.5;' undefined variable MQRankSum
11:46:32.353 WARN  JexlEngine - ![0,14]: 'ReadPosRankSum < -8.0;' undefined variable ReadPosRankSum
11:46:32.353 WARN  JexlEngine - ![0,9]: 'MQRankSum < -12.5;' undefined variable MQRankSum
11:46:32.353 WARN  JexlEngine - ![0,14]: 'ReadPosRankSum < -8.0;' undefined variable ReadPosRankSum
11:46:32.354 WARN  JexlEngine - ![0,9]: 'MQRankSum < -12.5;' undefined variable MQRankSum
11:46:32.354 WARN  JexlEngine - ![0,14]: 'ReadPosRankSum < -8.0;' undefined variable ReadPosRankSum
11:46:32.354 WARN  JexlEngine - ![0,9]: 'MQRankSum < -12.5;' undefined variable MQRankSum
11:46:32.354 WARN  JexlEngine - ![0,14]: 'ReadPosRankSum < -8.0;' undefined variable ReadPosRankSum
11:46:32.354 WARN  JexlEngine - ![0,9]: 'MQRankSum < -12.5;' undefined variable MQRankSum
11:46:32.354 WARN  JexlEngine - ![0,14]: 'ReadPosRankSum < -8.0;' undefined variable ReadPosRankSum
11:46:32.368 WARN  JexlEngine - ![0,9]: 'MQRankSum < -12.5;' undefined variable MQRankSum
11:46:32.368 WARN  JexlEngine - ![0,14]: 'ReadPosRankSum < -8.0;' undefined variable ReadPosRankSum
11:46:32.368 WARN  JexlEngine - ![0,9]: 'MQRankSum < -12.5;' undefined variable MQRankSum
11:46:32.368 WARN  JexlEngine - ![0,14]: 'ReadPosRankSum < -8.0;' undefined variable ReadPosRankSum
11:46:32.368 WARN  JexlEngine - ![0,9]: 'MQRankSum < -12.5;' undefined variable MQRankSum
11:46:32.368 WARN  JexlEngine - ![0,14]: 'ReadPosRankSum < -8.0;' undefined variable ReadPosRankSum
11:46:32.369 WARN  JexlEngine - ![0,9]: 'MQRankSum < -12.5;' undefined variable MQRankSum
11:46:32.369 WARN  JexlEngine - ![0,14]: 'ReadPosRankSum < -8.0;' undefined variable ReadPosRankSum
11:46:32.369 WARN  JexlEngine - ![0,9]: 'MQRankSum < -12.5;' undefined variable MQRankSum
11:46:32.369 WARN  JexlEngine - ![0,14]: 'ReadPosRankSum < -8.0;' undefined variable ReadPosRankSum
11:46:32.369 WARN  JexlEngine - ![0,9]: 'MQRankSum < -12.5;' undefined variable MQRankSum
11:46:32.369 WARN  JexlEngine - ![0,14]: 'ReadPosRankSum < -8.0;' undefined variable ReadPosRankSum
11:46:32.369 WARN  JexlEngine - ![0,9]: 'MQRankSum < -12.5;' undefined variable MQRankSum
11:46:32.369 WARN  JexlEngine - ![0,14]: 'ReadPosRankSum < -8.0;' undefined variable ReadPosRankSum
11:46:32.369 WARN  JexlEngine - ![0,9]: 'MQRankSum < -12.5;' undefined variable MQRankSum
11:46:32.369 WARN  JexlEngine - ![0,14]: 'ReadPosRankSum < -8.0;' undefined variable ReadPosRankSum
11:46:32.370 WARN  JexlEngine - ![0,9]: 'MQRankSum < -12.5;' undefined variable MQRankSum
11:46:32.370 WARN  JexlEngine - ![0,14]: 'ReadPosRankSum < -8.0;' undefined variable ReadPosRankSum
11:46:32.370 WARN  JexlEngine - ![0,9]: 'MQRankSum < -12.5;' undefined variable MQRankSum
11:46:32.370 WARN  JexlEngine - ![0,14]: 'ReadPosRankSum < -8.0;' undefined variable ReadPosRankSum
11:46:32.370 WARN  JexlEngine - ![0,9]: 'MQRankSum < -12.5;' undefined variable MQRankSum
11:46:32.370 WARN  JexlEngine - ![0,14]: 'ReadPosRankSum < -8.0;' undefined variable ReadPosRankSum
11:46:32.371 WARN  JexlEngine - ![0,9]: 'MQRankSum < -12.5;' undefined variable MQRankSum
11:46:32.371 WARN  JexlEngine - ![0,14]: 'ReadPosRankSum < -8.0;' undefined variable ReadPosRankSum
11:46:32.371 WARN  JexlEngine - ![0,9]: 'MQRankSum < -12.5;' undefined variable MQRankSum
11:46:32.371 WARN  JexlEngine - ![0,14]: 'ReadPosRankSum < -8.0;' undefined variable ReadPosRankSum
11:46:32.371 WARN  JexlEngine - ![0,9]: 'MQRankSum < -12.5;' undefined variable MQRankSum
11:46:32.371 WARN  JexlEngine - ![0,14]: 'ReadPosRankSum < -8.0;' undefined variable ReadPosRankSum
11:46:32.371 WARN  JexlEngine - ![0,9]: 'MQRankSum < -12.5;' undefined variable MQRankSum
11:46:32.371 WARN  JexlEngine - ![0,14]: 'ReadPosRankSum < -8.0;' undefined variable ReadPosRankSum
11:46:32.371 WARN  JexlEngine - ![0,9]: 'MQRankSum < -12.5;' undefined variable MQRankSum
11:46:32.371 WARN  JexlEngine - ![0,14]: 'ReadPosRankSum < -8.0;' undefined variable ReadPosRankSum
11:46:32.372 WARN  JexlEngine - ![0,9]: 'MQRankSum < -12.5;' undefined variable MQRankSum
11:46:32.372 WARN  JexlEngine - ![0,14]: 'ReadPosRankSum < -8.0;' undefined variable ReadPosRankSum
11:46:32.372 WARN  JexlEngine - ![0,9]: 'MQRankSum < -12.5;' undefined variable MQRankSum
11:46:32.372 WARN  JexlEngine - ![0,14]: 'ReadPosRankSum < -8.0;' undefined variable ReadPosRankSum
11:46:32.372 WARN  JexlEngine - ![0,9]: 'MQRankSum < -12.5;' undefined variable MQRankSum
11:46:32.372 WARN  JexlEngine - ![0,14]: 'ReadPosRankSum < -8.0;' undefined variable ReadPosRankSum
11:46:32.372 WARN  JexlEngine - ![0,9]: 'MQRankSum < -12.5;' undefined variable MQRankSum
11:46:32.372 WARN  JexlEngine - ![0,14]: 'ReadPosRankSum < -8.0;' undefined variable ReadPosRankSum
11:46:32.372 WARN  JexlEngine - ![0,9]: 'MQRankSum < -12.5;' undefined variable MQRankSum
11:46:32.372 WARN  JexlEngine - ![0,14]: 'ReadPosRankSum < -8.0;' undefined variable ReadPosRankSum
11:46:32.373 WARN  JexlEngine - ![0,9]: 'MQRankSum < -12.5;' undefined variable MQRankSum
11:46:32.373 WARN  JexlEngine - ![0,14]: 'ReadPosRankSum < -8.0;' undefined variable ReadPosRankSum
11:46:32.373 WARN  JexlEngine - ![0,9]: 'MQRankSum < -12.5;' undefined variable MQRankSum
11:46:32.373 WARN  JexlEngine - ![0,14]: 'ReadPosRankSum < -8.0;' undefined variable ReadPosRankSum
11:46:32.373 WARN  JexlEngine - ![0,9]: 'MQRankSum < -12.5;' undefined variable MQRankSum
11:46:32.373 WARN  JexlEngine - ![0,14]: 'ReadPosRankSum < -8.0;' undefined variable ReadPosRankSum
11:46:32.373 WARN  JexlEngine - ![0,9]: 'MQRankSum < -12.5;' undefined variable MQRankSum
11:46:32.373 WARN  JexlEngine - ![0,14]: 'ReadPosRankSum < -8.0;' undefined variable ReadPosRankSum
11:46:32.373 WARN  JexlEngine - ![0,9]: 'MQRankSum < -12.5;' undefined variable MQRankSum
11:46:32.373 WARN  JexlEngine - ![0,14]: 'ReadPosRankSum < -8.0;' undefined variable ReadPosRankSum
11:46:32.374 WARN  JexlEngine - ![0,9]: 'MQRankSum < -12.5;' undefined variable MQRankSum
11:46:32.374 WARN  JexlEngine - ![0,14]: 'ReadPosRankSum < -8.0;' undefined variable ReadPosRankSum
11:46:32.374 WARN  JexlEngine - ![0,9]: 'MQRankSum < -12.5;' undefined variable MQRankSum
11:46:32.374 WARN  JexlEngine - ![0,14]: 'ReadPosRankSum < -8.0;' undefined variable ReadPosRankSum
11:46:32.375 WARN  JexlEngine - ![0,9]: 'MQRankSum < -12.5;' undefined variable MQRankSum
11:46:32.375 WARN  JexlEngine - ![0,14]: 'ReadPosRankSum < -8.0;' undefined variable ReadPosRankSum
11:46:32.375 WARN  JexlEngine - ![0,9]: 'MQRankSum < -12.5;' undefined variable MQRankSum
11:46:32.375 WARN  JexlEngine - ![0,14]: 'ReadPosRankSum < -8.0;' undefined variable ReadPosRankSum
11:46:32.375 WARN  JexlEngine - ![0,9]: 'MQRankSum < -12.5;' undefined variable MQRankSum
11:46:32.375 WARN  JexlEngine - ![0,14]: 'ReadPosRankSum < -8.0;' undefined variable ReadPosRankSum
11:46:32.375 WARN  JexlEngine - ![0,9]: 'MQRankSum < -12.5;' undefined variable MQRankSum
11:46:32.375 WARN  JexlEngine - ![0,14]: 'ReadPosRankSum < -8.0;' undefined variable ReadPosRankSum
11:46:32.375 WARN  JexlEngine - ![0,9]: 'MQRankSum < -12.5;' undefined variable MQRankSum
11:46:32.375 WARN  JexlEngine - ![0,14]: 'ReadPosRankSum < -8.0;' undefined variable ReadPosRankSum
11:46:32.375 WARN  JexlEngine - ![0,9]: 'MQRankSum < -12.5;' undefined variable MQRankSum
11:46:32.375 WARN  JexlEngine - ![0,14]: 'ReadPosRankSum < -8.0;' undefined variable ReadPosRankSum
11:46:32.376 WARN  JexlEngine - ![0,9]: 'MQRankSum < -12.5;' undefined variable MQRankSum
11:46:32.376 WARN  JexlEngine - ![0,14]: 'ReadPosRankSum < -8.0;' undefined variable ReadPosRankSum
11:46:32.376 WARN  JexlEngine - ![0,9]: 'MQRankSum < -12.5;' undefined variable MQRankSum
11:46:32.376 WARN  JexlEngine - ![0,14]: 'ReadPosRankSum < -8.0;' undefined variable ReadPosRankSum
11:46:32.376 WARN  JexlEngine - ![0,9]: 'MQRankSum < -12.5;' undefined variable MQRankSum
11:46:32.376 WARN  JexlEngine - ![0,14]: 'ReadPosRankSum < -8.0;' undefined variable ReadPosRankSum
11:46:32.376 WARN  JexlEngine - ![0,9]: 'MQRankSum < -12.5;' undefined variable MQRankSum
11:46:32.377 WARN  JexlEngine - ![0,14]: 'ReadPosRankSum < -8.0;' undefined variable ReadPosRankSum
11:46:32.377 WARN  JexlEngine - ![0,9]: 'MQRankSum < -12.5;' undefined variable MQRankSum
11:46:32.377 WARN  JexlEngine - ![0,14]: 'ReadPosRankSum < -8.0;' undefined variable ReadPosRankSum
11:46:32.377 WARN  JexlEngine - ![0,9]: 'MQRankSum < -12.5;' undefined variable MQRankSum
11:46:32.377 WARN  JexlEngine - ![0,14]: 'ReadPosRankSum < -8.0;' undefined variable ReadPosRankSum
11:46:32.377 WARN  JexlEngine - ![0,9]: 'MQRankSum < -12.5;' undefined variable MQRankSum
11:46:32.377 WARN  JexlEngine - ![0,14]: 'ReadPosRankSum < -8.0;' undefined variable ReadPosRankSum
11:46:32.378 WARN  JexlEngine - ![0,9]: 'MQRankSum < -12.5;' undefined variable MQRankSum
11:46:32.378 WARN  JexlEngine - ![0,14]: 'ReadPosRankSum < -8.0;' undefined variable ReadPosRankSum
11:46:32.392 WARN  JexlEngine - ![0,9]: 'MQRankSum < -12.5;' undefined variable MQRankSum
11:46:32.392 WARN  JexlEngine - ![0,14]: 'ReadPosRankSum < -8.0;' undefined variable ReadPosRankSum
11:46:32.392 WARN  JexlEngine - ![0,9]: 'MQRankSum < -12.5;' undefined variable MQRankSum
11:46:32.392 WARN  JexlEngine - ![0,14]: 'ReadPosRankSum < -8.0;' undefined variable ReadPosRankSum
11:46:32.393 WARN  JexlEngine - ![0,9]: 'MQRankSum < -12.5;' undefined variable MQRankSum
11:46:32.393 WARN  JexlEngine - ![0,14]: 'ReadPosRankSum < -8.0;' undefined variable ReadPosRankSum
11:46:32.397 WARN  JexlEngine - ![0,9]: 'MQRankSum < -12.5;' undefined variable MQRankSum
11:46:32.397 WARN  JexlEngine - ![0,14]: 'ReadPosRankSum < -8.0;' undefined variable ReadPosRankSum
11:46:32.401 WARN  JexlEngine - ![0,9]: 'MQRankSum < -12.5;' undefined variable MQRankSum
11:46:32.401 WARN  JexlEngine - ![0,14]: 'ReadPosRankSum < -8.0;' undefined variable ReadPosRankSum
11:46:32.431 WARN  JexlEngine - ![0,9]: 'MQRankSum < -12.5;' undefined variable MQRankSum
11:46:32.431 WARN  JexlEngine - ![0,14]: 'ReadPosRankSum < -8.0;' undefined variable ReadPosRankSum
11:46:32.433 WARN  JexlEngine - ![0,9]: 'MQRankSum < -12.5;' undefined variable MQRankSum
11:46:32.433 WARN  JexlEngine - ![0,14]: 'ReadPosRankSum < -8.0;' undefined variable ReadPosRankSum
11:46:32.434 WARN  JexlEngine - ![0,9]: 'MQRankSum < -12.5;' undefined variable MQRankSum
11:46:32.434 WARN  JexlEngine - ![0,14]: 'ReadPosRankSum < -8.0;' undefined variable ReadPosRankSum
11:46:32.454 WARN  JexlEngine - ![0,9]: 'MQRankSum < -12.5;' undefined variable MQRankSum
11:46:32.455 WARN  JexlEngine - ![0,14]: 'ReadPosRankSum < -8.0;' undefined variable ReadPosRankSum
11:46:32.455 WARN  JexlEngine - ![0,9]: 'MQRankSum < -12.5;' undefined variable MQRankSum
11:46:32.456 WARN  JexlEngine - ![0,14]: 'ReadPosRankSum < -8.0;' undefined variable ReadPosRankSum
11:46:32.472 WARN  JexlEngine - ![0,9]: 'MQRankSum < -12.5;' undefined variable MQRankSum
11:46:32.472 WARN  JexlEngine - ![0,14]: 'ReadPosRankSum < -8.0;' undefined variable ReadPosRankSum
11:46:32.513 INFO  ProgressMeter -             14:84821              0.0                  3735         248172.8
11:46:32.514 INFO  ProgressMeter - Traversal complete. Processed 3735 total variants in 0.0 minutes.
11:46:32.550 INFO  VariantFiltration - Shutting down engine
[November 13, 2025 at 11:46:32 AM CET] org.broadinstitute.hellbender.tools.walkers.filters.VariantFiltration done. Elapsed time: 0.03 minutes.
Runtime.totalMemory()=2076049408
Using GATK jar /mnt/ss/sib/ibu/rocky8/2023072800/software/GATK/4.2.6.1-GCCcore-10.3.0-Java-11/gatk-package-4.2.6.1-local.jar
Running:
    java -Dsamjdk.use_async_io_read_samtools=false -Dsamjdk.use_async_io_write_samtools=true -Dsamjdk.use_async_io_write_tribble=false -Dsamjdk.compression_level=2 -jar /mnt/ss/sib/ibu/rocky8/2023072800/software/GATK/4.2.6.1-GCCcore-10.3.0-Java-11/gatk-package-4.2.6.1-local.jar VariantFiltration -V BT_HPC.indels.vcf -O BT_HPC.flt.indels.vcf -filter QD < 2.0 --filter-name QD2 -filter QUAL < 30.0 --filter-name QUAL30 -filter FS > 200.0 --filter-name FS200 -filter ReadPosRankSum < -20.0 --filter-name ReadPosRankSum-20
11:46:35.044 INFO  NativeLibraryLoader - Loading libgkl_compression.so from jar:file:/mnt/ss/sib/ibu/rocky8/2023072800/software/GATK/4.2.6.1-GCCcore-10.3.0-Java-11/gatk-package-4.2.6.1-local.jar!/com/intel/gkl/native/libgkl_compression.so
11:46:35.272 INFO  VariantFiltration - ------------------------------------------------------------
11:46:35.272 INFO  VariantFiltration - The Genome Analysis Toolkit (GATK) v4.2.6.1
11:46:35.272 INFO  VariantFiltration - For support and documentation go to https://software.broadinstitute.org/gatk/
11:46:35.272 INFO  VariantFiltration - Executing as student38@binfservas45 on Linux v4.18.0-553.33.1.el8_10.x86_64 amd64
11:46:35.273 INFO  VariantFiltration - Java runtime: OpenJDK 64-Bit Server VM v17.0.6+10
11:46:35.273 INFO  VariantFiltration - Start Date/Time: November 13, 2025 at 11:46:34 AM CET
11:46:35.273 INFO  VariantFiltration - ------------------------------------------------------------
11:46:35.273 INFO  VariantFiltration - ------------------------------------------------------------
11:46:35.273 INFO  VariantFiltration - HTSJDK Version: 2.24.1
11:46:35.273 INFO  VariantFiltration - Picard Version: 2.27.1
11:46:35.273 INFO  VariantFiltration - Built for Spark Version: 2.4.5
11:46:35.273 INFO  VariantFiltration - HTSJDK Defaults.COMPRESSION_LEVEL : 2
11:46:35.273 INFO  VariantFiltration - HTSJDK Defaults.USE_ASYNC_IO_READ_FOR_SAMTOOLS : false
11:46:35.274 INFO  VariantFiltration - HTSJDK Defaults.USE_ASYNC_IO_WRITE_FOR_SAMTOOLS : true
11:46:35.274 INFO  VariantFiltration - HTSJDK Defaults.USE_ASYNC_IO_WRITE_FOR_TRIBBLE : false
11:46:35.274 INFO  VariantFiltration - Deflater: IntelDeflater
11:46:35.274 INFO  VariantFiltration - Inflater: IntelInflater
11:46:35.274 INFO  VariantFiltration - GCS max retries/reopens: 20
11:46:35.274 INFO  VariantFiltration - Requester pays: disabled
11:46:35.274 INFO  VariantFiltration - Initializing engine
11:46:35.437 INFO  FeatureManager - Using codec VCFCodec to read file file:///home/student38/course/variantCalling/variants/BT_HPC.indels.vcf
11:46:35.473 INFO  VariantFiltration - Done initializing engine
11:46:35.549 INFO  ProgressMeter - Starting traversal
11:46:35.549 INFO  ProgressMeter -        Current Locus  Elapsed Minutes    Variants Processed  Variants/Minute
11:46:35.590 WARN  JexlEngine - ![0,14]: 'ReadPosRankSum < -20.0;' undefined variable ReadPosRankSum
11:46:35.598 WARN  JexlEngine - ![0,14]: 'ReadPosRankSum < -20.0;' undefined variable ReadPosRankSum
11:46:35.603 WARN  JexlEngine - ![0,14]: 'ReadPosRankSum < -20.0;' undefined variable ReadPosRankSum
11:46:35.605 WARN  JexlEngine - ![0,14]: 'ReadPosRankSum < -20.0;' undefined variable ReadPosRankSum
11:46:35.605 WARN  JexlEngine - ![0,14]: 'ReadPosRankSum < -20.0;' undefined variable ReadPosRankSum
11:46:35.605 WARN  JexlEngine - ![0,14]: 'ReadPosRankSum < -20.0;' undefined variable ReadPosRankSum
11:46:35.606 WARN  JexlEngine - ![0,14]: 'ReadPosRankSum < -20.0;' undefined variable ReadPosRankSum
11:46:35.609 WARN  JexlEngine - ![0,14]: 'ReadPosRankSum < -20.0;' undefined variable ReadPosRankSum
11:46:35.609 WARN  JexlEngine - ![0,14]: 'ReadPosRankSum < -20.0;' undefined variable ReadPosRankSum
11:46:35.610 WARN  JexlEngine - ![0,14]: 'ReadPosRankSum < -20.0;' undefined variable ReadPosRankSum
11:46:35.611 WARN  JexlEngine - ![0,14]: 'ReadPosRankSum < -20.0;' undefined variable ReadPosRankSum
11:46:35.620 WARN  JexlEngine - ![0,14]: 'ReadPosRankSum < -20.0;' undefined variable ReadPosRankSum
11:46:35.621 WARN  JexlEngine - ![0,14]: 'ReadPosRankSum < -20.0;' undefined variable ReadPosRankSum
11:46:35.623 WARN  JexlEngine - ![0,14]: 'ReadPosRankSum < -20.0;' undefined variable ReadPosRankSum
11:46:35.623 WARN  JexlEngine - ![0,14]: 'ReadPosRankSum < -20.0;' undefined variable ReadPosRankSum
11:46:35.624 WARN  JexlEngine - ![0,14]: 'ReadPosRankSum < -20.0;' undefined variable ReadPosRankSum
11:46:35.627 WARN  JexlEngine - ![0,14]: 'ReadPosRankSum < -20.0;' undefined variable ReadPosRankSum
11:46:35.662 WARN  JexlEngine - ![0,14]: 'ReadPosRankSum < -20.0;' undefined variable ReadPosRankSum
11:46:35.682 WARN  JexlEngine - ![0,14]: 'ReadPosRankSum < -20.0;' undefined variable ReadPosRankSum
11:46:35.693 WARN  JexlEngine - ![0,14]: 'ReadPosRankSum < -20.0;' undefined variable ReadPosRankSum
11:46:35.694 WARN  JexlEngine - ![0,14]: 'ReadPosRankSum < -20.0;' undefined variable ReadPosRankSum
11:46:35.694 WARN  JexlEngine - ![0,14]: 'ReadPosRankSum < -20.0;' undefined variable ReadPosRankSum
11:46:35.694 WARN  JexlEngine - ![0,14]: 'ReadPosRankSum < -20.0;' undefined variable ReadPosRankSum
11:46:35.695 WARN  JexlEngine - ![0,14]: 'ReadPosRankSum < -20.0;' undefined variable ReadPosRankSum
11:46:35.695 WARN  JexlEngine - ![0,14]: 'ReadPosRankSum < -20.0;' undefined variable ReadPosRankSum
11:46:35.695 WARN  JexlEngine - ![0,14]: 'ReadPosRankSum < -20.0;' undefined variable ReadPosRankSum
11:46:35.695 WARN  JexlEngine - ![0,14]: 'ReadPosRankSum < -20.0;' undefined variable ReadPosRankSum
11:46:35.696 WARN  JexlEngine - ![0,14]: 'ReadPosRankSum < -20.0;' undefined variable ReadPosRankSum
11:46:35.696 WARN  JexlEngine - ![0,14]: 'ReadPosRankSum < -20.0;' undefined variable ReadPosRankSum
11:46:35.696 WARN  JexlEngine - ![0,14]: 'ReadPosRankSum < -20.0;' undefined variable ReadPosRankSum
11:46:35.697 WARN  JexlEngine - ![0,14]: 'ReadPosRankSum < -20.0;' undefined variable ReadPosRankSum
11:46:35.697 WARN  JexlEngine - ![0,14]: 'ReadPosRankSum < -20.0;' undefined variable ReadPosRankSum
11:46:35.697 WARN  JexlEngine - ![0,14]: 'ReadPosRankSum < -20.0;' undefined variable ReadPosRankSum
11:46:35.697 WARN  JexlEngine - ![0,14]: 'ReadPosRankSum < -20.0;' undefined variable ReadPosRankSum
11:46:35.698 WARN  JexlEngine - ![0,14]: 'ReadPosRankSum < -20.0;' undefined variable ReadPosRankSum
11:46:35.701 WARN  JexlEngine - ![0,14]: 'ReadPosRankSum < -20.0;' undefined variable ReadPosRankSum
11:46:35.703 WARN  JexlEngine - ![0,14]: 'ReadPosRankSum < -20.0;' undefined variable ReadPosRankSum
11:46:35.713 WARN  JexlEngine - ![0,14]: 'ReadPosRankSum < -20.0;' undefined variable ReadPosRankSum
11:46:35.714 WARN  JexlEngine - ![0,14]: 'ReadPosRankSum < -20.0;' undefined variable ReadPosRankSum
11:46:35.714 WARN  JexlEngine - ![0,14]: 'ReadPosRankSum < -20.0;' undefined variable ReadPosRankSum
11:46:35.715 WARN  JexlEngine - ![0,14]: 'ReadPosRankSum < -20.0;' undefined variable ReadPosRankSum
11:46:35.716 WARN  JexlEngine - ![0,14]: 'ReadPosRankSum < -20.0;' undefined variable ReadPosRankSum
11:46:35.718 WARN  JexlEngine - ![0,14]: 'ReadPosRankSum < -20.0;' undefined variable ReadPosRankSum
11:46:35.822 INFO  ProgressMeter -             unmapped              0.0                   545         119780.2
11:46:35.822 INFO  ProgressMeter - Traversal complete. Processed 545 total variants in 0.0 minutes.
11:46:35.846 INFO  VariantFiltration - Shutting down engine
[November 13, 2025 at 11:46:35 AM CET] org.broadinstitute.hellbender.tools.walkers.filters.VariantFiltration done. Elapsed time: 0.01 minutes.
Runtime.totalMemory()=2076049408
